{
  "RSpec": {
    "coverage": {
      "/home/tom/regexp-examples/lib/regexp-examples.rb": [
        9,
        null
      ],
      "/home/tom/regexp-examples/lib/regexp-examples/helpers.rb": [
        1,
        null,
        null,
        null,
        null,
        null,
        null,
        null,
        null,
        1,
        271,
        271,
        164,
        237,
        73,
        null,
        164,
        null,
        null,
        null,
        null,
        1,
        164,
        164,
        328,
        null,
        null,
        null,
        164,
        123,
        null,
        41,
        null,
        null,
        null,
        null
      ],
      "/home/tom/regexp-examples/lib/regexp-examples/parser.rb": [
        1,
        1,
        1,
        1,
        54,
        54,
        54,
        null,
        null,
        1,
        101,
        101,
        312,
        312,
        271,
        271,
        271,
        null,
        101,
        null,
        null,
        1,
        null,
        1,
        312,
        312,
        null,
        41,
        null,
        41,
        null,
        14,
        null,
        1,
        null,
        6,
        null,
        36,
        null,
        173,
        null,
        312,
        null,
        null,
        1,
        36,
        null,
        null,
        19,
        19,
        null,
        1,
        1,
        null,
        14,
        null,
        null,
        null,
        null,
        2,
        null,
        36,
        36,
        null,
        null,
        1,
        271,
        271,
        null,
        5,
        null,
        4,
        null,
        11,
        null,
        4,
        null,
        247,
        null,
        271,
        null,
        null,
        1,
        41,
        41,
        41,
        41,
        null,
        null,
        38,
        null,
        1,
        1,
        null,
        null,
        null,
        null,
        null,
        2,
        2,
        41,
        null,
        41,
        41,
        null,
        null,
        1,
        41,
        null,
        null,
        1,
        14,
        14,
        14,
        null,
        null,
        1,
        1,
        null,
        null,
        14,
        null,
        null,
        null,
        null,
        41,
        41,
        null,
        14,
        null,
        null,
        1,
        1,
        null,
        null,
        1,
        6,
        6,
        6,
        null,
        null,
        null,
        1,
        175,
        null,
        null,
        1,
        20,
        null,
        null,
        1,
        5,
        5,
        null,
        null,
        1,
        4,
        4,
        null,
        null,
        1,
        11,
        11,
        null,
        null,
        1,
        4,
        4,
        4,
        4,
        4,
        4,
        null,
        null,
        1,
        247,
        null,
        null,
        1,
        98,
        null,
        null,
        null,
        null
      ],
      "/home/tom/regexp-examples/lib/regexp-examples/constants.rb": [
        1,
        null,
        1,
        null,
        null,
        null,
        null,
        null,
        1,
        null,
        1,
        1,
        1,
        1,
        null,
        null,
        39,
        1,
        1,
        null,
        null,
        null,
        1,
        null,
        null,
        null,
        32,
        null,
        null,
        null,
        null,
        null,
        null,
        null,
        null,
        null,
        null,
        null,
        null,
        null,
        null,
        null
      ],
      "/home/tom/regexp-examples/lib/regexp-examples/backreferences.rb": [
        1,
        1,
        1,
        1,
        248,
        248,
        248,
        null,
        null,
        1,
        168,
        null,
        null,
        null,
        1,
        79,
        null,
        null,
        1,
        28,
        null,
        null,
        null,
        1,
        1,
        54,
        148,
        130,
        null,
        18,
        112,
        28,
        null,
        null,
        null,
        null,
        54,
        null,
        null,
        1,
        1,
        28,
        75,
        74,
        77,
        null,
        null,
        null,
        null,
        null,
        null,
        null
      ],
      "/home/tom/regexp-examples/lib/regexp-examples/repeaters.rb": [
        1,
        1,
        1,
        1,
        271,
        null,
        null,
        1,
        271,
        271,
        271,
        299,
        413,
        null,
        null,
        271,
        null,
        null,
        null,
        1,
        1,
        247,
        null,
        null,
        1,
        247,
        null,
        null,
        null,
        1,
        1,
        5,
        null,
        null,
        1,
        5,
        null,
        null,
        null,
        1,
        1,
        4,
        null,
        null,
        1,
        4,
        null,
        null,
        null,
        1,
        1,
        11,
        null,
        null,
        1,
        11,
        null,
        null,
        null,
        1,
        1,
        4,
        4,
        4,
        1,
        3,
        1,
        null,
        2,
        null,
        null,
        null,
        1,
        4,
        null,
        null,
        null,
        null
      ],
      "/home/tom/regexp-examples/lib/regexp-examples/groups.rb": [
        1,
        1,
        1,
        175,
        null,
        1,
        175,
        null,
        null,
        null,
        1,
        1,
        28,
        28,
        1,
        1,
        null,
        27,
        null,
        null,
        28,
        28,
        null,
        null,
        1,
        null,
        28,
        28,
        28,
        28,
        null,
        28,
        9,
        null,
        null,
        28,
        28,
        null,
        null,
        1,
        28,
        540,
        13,
        4,
        null,
        2,
        null,
        7,
        null,
        null,
        null,
        null,
        null,
        1,
        28,
        1,
        null,
        27,
        null,
        null,
        null,
        null,
        1,
        1,
        1,
        null,
        null,
        null,
        1,
        1,
        1,
        41,
        41,
        null,
        null,
        null,
        null,
        null,
        1,
        186,
        41,
        101,
        101,
        null,
        null,
        null,
        null,
        1,
        null,
        null,
        1,
        1,
        6,
        6,
        null,
        null,
        1,
        6,
        6,
        null,
        6,
        6,
        null,
        6,
        null,
        null,
        null,
        1,
        1,
        1,
        20,
        null,
        null,
        1,
        20,
        null,
        null,
        null,
        null
      ],
      "/home/tom/regexp-examples/lib/regexp-examples/regexp_extensions.rb": [
        1,
        1,
        1,
        54,
        null,
        null,
        114,
        54,
        54,
        null,
        54,
        null,
        null,
        1,
        null,
        null
      ],
      "/home/tom/regexp-examples/spec/regexp-examples_spec.rb": [
        1,
        1,
        7,
        54,
        54,
        54,
        202,
        null,
        null,
        null,
        null,
        null,
        null,
        null,
        null,
        1,
        1,
        1,
        null,
        null,
        null,
        null,
        null,
        null,
        null,
        null,
        null,
        null,
        1,
        1,
        null,
        null,
        null,
        null,
        null,
        null,
        null,
        1,
        1,
        null,
        null,
        null,
        null,
        null,
        null,
        null,
        null,
        null,
        null,
        null,
        null,
        null,
        null,
        null,
        1,
        1,
        null,
        null,
        null,
        null,
        null,
        null,
        null,
        null,
        null,
        null,
        null,
        null,
        null,
        1,
        1,
        null,
        null,
        null,
        null,
        null,
        null,
        null,
        null,
        null,
        null,
        null,
        null,
        null,
        null,
        null,
        null,
        null,
        1,
        1,
        null,
        null,
        null,
        null,
        null,
        null,
        null,
        null,
        null,
        1,
        null,
        1,
        null,
        null,
        null,
        null,
        null,
        null,
        null,
        null,
        null,
        null,
        null
      ]
    },
    "timestamp": 1421256443
  }
}
