{
  "RSpec": {
    "coverage": {
      "/home/tom/git/regexp-examples/lib/regexp-examples.rb": [
        10,
        null
      ],
      "/home/tom/git/regexp-examples/lib/regexp-examples/helpers.rb": [
        1,
        null,
        null,
        null,
        null,
        null,
        null,
        null,
        null,
        1,
        319,
        319,
        191,
        264,
        null,
        null,
        null,
        1,
        264,
        264,
        null,
        null,
        264,
        null,
        null,
        null
      ],
      "/home/tom/git/regexp-examples/lib/regexp-examples/repeaters.rb": [
        1,
        1,
        1,
        1,
        360,
        null,
        null,
        1,
        319,
        319,
        319,
        349,
        463,
        null,
        null,
        319,
        null,
        null,
        null,
        1,
        1,
        335,
        null,
        null,
        1,
        294,
        null,
        null,
        null,
        1,
        1,
        5,
        null,
        null,
        1,
        5,
        null,
        null,
        null,
        1,
        1,
        4,
        null,
        null,
        1,
        4,
        null,
        null,
        null,
        1,
        1,
        11,
        null,
        null,
        1,
        11,
        null,
        null,
        null,
        1,
        1,
        5,
        5,
        5,
        2,
        3,
        1,
        null,
        2,
        null,
        null,
        null,
        1,
        5,
        null,
        null,
        null,
        null
      ],
      "/home/tom/git/regexp-examples/lib/regexp-examples/backreferences.rb": [
        1,
        1,
        1,
        75,
        171,
        28,
        null,
        171,
        null,
        null,
        null,
        1,
        1,
        28,
        76,
        null,
        null,
        null,
        null,
        null,
        null
      ],
      "/home/tom/git/regexp-examples/lib/regexp-examples/exceptions.rb": [
        1,
        1,
        1,
        1,
        null
      ],
      "/home/tom/git/regexp-examples/lib/regexp-examples/constants.rb": [
        1,
        null,
        1,
        null,
        null,
        null,
        null,
        null,
        1,
        null,
        1,
        1,
        1,
        1,
        null,
        null,
        39,
        1,
        1,
        null,
        null,
        null,
        1,
        null,
        null,
        null,
        32,
        null,
        null,
        null,
        null,
        null,
        null,
        null,
        null,
        null,
        null,
        null,
        null,
        null,
        null,
        null
      ],
      "/home/tom/git/regexp-examples/lib/regexp-examples/parser.rb": [
        1,
        1,
        1,
        1,
        92,
        92,
        92,
        null,
        null,
        1,
        140,
        140,
        419,
        401,
        360,
        360,
        360,
        null,
        122,
        null,
        null,
        1,
        null,
        1,
        419,
        419,
        null,
        46,
        null,
        41,
        null,
        15,
        null,
        4,
        null,
        6,
        null,
        63,
        null,
        2,
        1,
        null,
        1,
        null,
        null,
        2,
        1,
        null,
        1,
        null,
        null,
        240,
        null,
        401,
        null,
        null,
        1,
        63,
        null,
        null,
        19,
        19,
        null,
        1,
        1,
        null,
        14,
        null,
        null,
        8,
        8,
        null,
        3,
        3,
        null,
        3,
        3,
        3,
        null,
        3,
        3,
        null,
        null,
        1,
        null,
        3,
        null,
        2,
        1,
        null,
        1,
        null,
        null,
        4,
        2,
        null,
        2,
        null,
        null,
        2,
        null,
        63,
        53,
        null,
        null,
        1,
        360,
        360,
        null,
        5,
        null,
        4,
        null,
        11,
        null,
        5,
        null,
        335,
        null,
        360,
        null,
        null,
        1,
        46,
        46,
        46,
        46,
        null,
        null,
        38,
        null,
        1,
        1,
        null,
        2,
        null,
        2,
        null,
        3,
        3,
        46,
        null,
        42,
        41,
        null,
        null,
        1,
        41,
        null,
        null,
        1,
        15,
        1,
        null,
        14,
        14,
        14,
        null,
        null,
        1,
        1,
        null,
        null,
        14,
        null,
        null,
        null,
        null,
        41,
        41,
        null,
        14,
        null,
        null,
        1,
        4,
        null,
        null,
        1,
        6,
        6,
        6,
        null,
        null,
        null,
        1,
        261,
        null,
        null,
        1,
        20,
        null,
        null,
        1,
        8,
        null,
        null,
        null,
        1,
        3,
        null,
        null,
        1,
        3,
        null,
        null,
        1,
        5,
        5,
        null,
        null,
        1,
        4,
        4,
        null,
        null,
        1,
        11,
        11,
        null,
        null,
        1,
        5,
        5,
        5,
        5,
        5,
        5,
        null,
        null,
        1,
        335,
        null,
        null,
        1,
        293,
        null,
        null,
        null,
        null
      ],
      "/home/tom/git/regexp-examples/lib/regexp-examples/groups.rb": [
        1,
        null,
        null,
        null,
        1,
        1,
        1,
        1758,
        1758,
        1758,
        122,
        null,
        1758,
        null,
        null,
        1,
        1775,
        null,
        null,
        null,
        null,
        1,
        463,
        null,
        null,
        null,
        1,
        1,
        261,
        null,
        1,
        223,
        null,
        null,
        null,
        1,
        1,
        28,
        28,
        1,
        1,
        null,
        27,
        null,
        null,
        28,
        28,
        null,
        null,
        1,
        null,
        28,
        28,
        28,
        28,
        null,
        28,
        9,
        null,
        null,
        28,
        28,
        null,
        null,
        1,
        28,
        540,
        13,
        4,
        null,
        2,
        null,
        7,
        null,
        null,
        null,
        null,
        null,
        1,
        28,
        572,
        null,
        null,
        null,
        null,
        1,
        1,
        1,
        94,
        null,
        null,
        null,
        null,
        1,
        1,
        1,
        41,
        41,
        null,
        null,
        null,
        null,
        null,
        1,
        186,
        41,
        101,
        null,
        null,
        null,
        null,
        1,
        null,
        null,
        1,
        1,
        6,
        6,
        null,
        null,
        1,
        6,
        6,
        null,
        6,
        6,
        null,
        6,
        21,
        null,
        null,
        null,
        null,
        1,
        1,
        1,
        20,
        null,
        null,
        1,
        20,
        null,
        null,
        null,
        null
      ],
      "/home/tom/git/regexp-examples/lib/regexp-examples/regexp_extensions.rb": [
        1,
        1,
        1,
        92,
        null,
        null,
        162,
        75,
        75,
        null,
        null,
        1,
        null,
        null
      ],
      "/home/tom/git/regexp-examples/spec/regexp-examples_spec.rb": [
        1,
        1,
        11,
        75,
        75,
        75,
        246,
        null,
        null,
        null,
        null,
        null,
        null,
        null,
        null,
        1,
        1,
        12,
        24,
        null,
        null,
        null,
        null,
        1,
        1,
        5,
        10,
        null,
        null,
        null,
        null,
        1,
        1,
        1,
        null,
        null,
        null,
        null,
        null,
        null,
        null,
        null,
        null,
        null,
        null,
        1,
        1,
        null,
        null,
        null,
        null,
        null,
        null,
        null,
        1,
        1,
        null,
        null,
        null,
        null,
        null,
        null,
        null,
        null,
        null,
        null,
        null,
        null,
        null,
        null,
        null,
        1,
        1,
        null,
        null,
        null,
        null,
        null,
        null,
        null,
        1,
        1,
        null,
        null,
        null,
        null,
        null,
        null,
        null,
        null,
        null,
        null,
        null,
        null,
        null,
        null,
        null,
        null,
        null,
        1,
        1,
        null,
        null,
        null,
        null,
        null,
        null,
        null,
        null,
        null,
        1,
        null,
        1,
        null,
        null,
        null,
        null,
        null,
        null,
        null,
        null,
        null,
        null,
        1,
        1,
        null,
        null,
        null,
        null,
        null,
        null,
        null,
        null,
        null,
        null,
        null,
        null,
        null,
        null,
        null,
        1,
        1,
        null,
        null,
        null,
        null,
        null,
        null,
        null,
        null,
        1,
        1,
        null,
        null,
        null,
        null,
        null,
        null,
        null,
        null,
        1,
        1,
        null,
        null,
        null,
        null,
        null,
        null,
        null,
        null,
        null,
        null,
        null,
        1,
        1,
        null,
        null,
        null,
        null,
        null,
        null,
        null,
        1,
        1,
        null,
        null,
        null,
        null,
        null,
        null,
        null,
        null
      ]
    },
    "timestamp": 1421519798
  }
}
